<?xml version="1.0" encoding="UTF-8"?>
<testng-results skipped="0" failed="0" total="1" passed="1">
  <reporter-output>
  </reporter-output>
  <suite name="Default suite" duration-ms="2715" started-at="2020-06-21T13:35:05Z" finished-at="2020-06-21T13:35:08Z">
    <groups>
    </groups>
    <test name="Default test" duration-ms="2715" started-at="2020-06-21T13:35:05Z" finished-at="2020-06-21T13:35:08Z">
      <class name="RestAssuredPractise.RestAssuredGetCall">
        <test-method status="PASS" signature="getCall()[pri:0, instance:RestAssuredPractise.RestAssuredGetCall@1753acfe]" name="getCall" duration-ms="2698" started-at="2020-06-21T19:05:05Z" finished-at="2020-06-21T19:05:08Z">
          <reporter-output>
          </reporter-output>
        </test-method> <!-- getCall -->
      </class> <!-- RestAssuredPractise.RestAssuredGetCall -->
    </test> <!-- Default test -->
  </suite> <!-- Default suite -->
</testng-results>
